<?xml version="1.0" encoding="UTF-8"?>
<testng-results ignored="7" total="9" passed="2" failed="0" skipped="0">
  <reporter-output>
  </reporter-output>
  <suite started-at="2024-09-29T20:24:32 IST" name="Suite" finished-at="2024-09-29T20:24:32 IST" duration-ms="72">
    <groups>
      <group name="Smoke">
        <method signature="TestPIMPage.deleteEmployee()[pri:3, instance:com.Hrms.tests.TestPIMPage@6c1a5b54]" name="deleteEmployee" class="com.Hrms.tests.TestPIMPage"/>
        <method signature="TestPIMPage.viewEmployeeList()[pri:4, instance:com.Hrms.tests.TestPIMPage@6c1a5b54]" name="viewEmployeeList" class="com.Hrms.tests.TestPIMPage"/>
      </group> <!-- Smoke -->
    </groups>
    <test started-at="2024-09-29T20:24:32 IST" name="Smoke Testing" finished-at="2024-09-29T20:24:32 IST" duration-ms="72">
      <class name="com.Hrms.tests.TestPIMPage">
        <test-method signature="deleteEmployee()[pri:3, instance:com.Hrms.tests.TestPIMPage@6c1a5b54]" started-at="2024-09-29T20:24:32 IST" name="deleteEmployee" description="Verify that an employee can be deleted successfully" finished-at="2024-09-29T20:24:32 IST" duration-ms="14" status="PASS">
          <reporter-output>
          </reporter-output>
        </test-method> <!-- deleteEmployee -->
        <test-method signature="viewEmployeeList()[pri:4, instance:com.Hrms.tests.TestPIMPage@6c1a5b54]" started-at="2024-09-29T20:24:32 IST" name="viewEmployeeList" description="Verify that the employee list is displayed correctly with accurate information" finished-at="2024-09-29T20:24:32 IST" depends-on-methods="com.Hrms.tests.TestPIMPage.deleteEmployee" duration-ms="1" status="PASS">
          <reporter-output>
          </reporter-output>
        </test-method> <!-- viewEmployeeList -->
      </class> <!-- com.Hrms.tests.TestPIMPage -->
    </test> <!-- Smoke Testing -->
  </suite> <!-- Suite -->
</testng-results>
